0 0 & r was_0
0 1 & r was_1
was_0 0 0 r was_0
was_0 1 0 r was_1
was_0 _ 0 r was_u
was_1 0 1 r was_0
was_1 1 1 r was_1
was_1 _ 1 r was_u
was_u _ # l go_back
go_back & & r old_0
go_back * * l go_back
old_0 _ _ l old_1
old_0 0 0 r old_0
old_0 1 1 r old_0
old_0 B B r old_0
old_0 X X r old_0
old_1 1 _ r old_2
old_1 0 _ r old_3
old_1 _ _ r old_4
old_2 0 1 l old_5
old_2 1 1 l old_5
old_2 _ 1 l old_5
old_2 B 1 l old_5
old_2 X 1 l old_5
old_5 0 0 l old_1
old_5 1 1 l old_1
old_5 _ _ l old_1
old_5 B B l old_1
old_5 X X l old_1
old_3 0 0 l old_6
old_3 1 0 l old_6
old_3 _ 0 l old_6
old_3 B 0 l old_6
old_3 X 0 l old_6
old_6 0 0 l old_1
old_6 1 1 l old_1
old_6 _ _ l old_1
old_6 B B l old_1
old_6 X X l old_1
old_4 _ B r old_7
old_8 1 X l old_9
old_8 0 X l old_10
old_8 X X l old_8
old_8 B B r halt-accept
old_9 1 1 l old_9
old_9 X X l old_9
old_9 0 X r old_7
old_10 0 0 l old_10
old_10 X X l old_10
old_10 1 X r old_7
old_7 _ _ l old_8
old_7 0 0 r old_7
old_7 1 1 r old_7
old_7 B B r old_7
old_7 X X r old_7
old_0 & & r add_u_old_0
add_u_old_0 _ _ r was_u_old_0
add_u_old_0 0 _ r was_0_old_0
add_u_old_0 1 _ r was_1_old_0
add_u_old_0 B _ r was_B_old_0
add_u_old_0 X _ r was_X_old_0
was_u_old_0 _ _ r was_u_old_0
was_u_old_0 0 _ r was_0_old_0
was_u_old_0 1 _ r was_1_old_0
was_u_old_0 B _ r was_B_old_0
was_u_old_0 X _ r was_X_old_0
was_u_old_0 # _ r was_#_old_0
was_0_old_0 _ 0 r was_u_old_0
was_0_old_0 0 0 r was_0_old_0
was_0_old_0 1 0 r was_1_old_0
was_0_old_0 B 0 r was_B_old_0
was_0_old_0 X 0 r was_X_old_0
was_0_old_0 # 0 r was_#_old_0
was_1_old_0 _ 1 r was_u_old_0
was_1_old_0 0 1 r was_0_old_0
was_1_old_0 1 1 r was_1_old_0
was_1_old_0 B 1 r was_B_old_0
was_1_old_0 X 1 r was_X_old_0
was_1_old_0 # 1 r was_#_old_0
was_B_old_0 _ B r was_u_old_0
was_B_old_0 0 B r was_0_old_0
was_B_old_0 1 B r was_1_old_0
was_B_old_0 B B r was_B_old_0
was_B_old_0 X B r was_X_old_0
was_B_old_0 # B r was_#_old_0
was_X_old_0 _ X r was_u_old_0
was_X_old_0 0 X r was_0_old_0
was_X_old_0 1 X r was_1_old_0
was_X_old_0 B X r was_B_old_0
was_X_old_0 X X r was_X_old_0
was_X_old_0 # X r was_#_old_0
was_#_old_0 _ # l go_back_old_0
go_back_old_0 & & r old_0
go_back_old_0 * * l go_back_old_0
old_1 & & r add_u_old_1
add_u_old_1 _ _ r was_u_old_1
add_u_old_1 0 _ r was_0_old_1
add_u_old_1 1 _ r was_1_old_1
add_u_old_1 B _ r was_B_old_1
add_u_old_1 X _ r was_X_old_1
was_u_old_1 _ _ r was_u_old_1
was_u_old_1 0 _ r was_0_old_1
was_u_old_1 1 _ r was_1_old_1
was_u_old_1 B _ r was_B_old_1
was_u_old_1 X _ r was_X_old_1
was_u_old_1 # _ r was_#_old_1
was_0_old_1 _ 0 r was_u_old_1
was_0_old_1 0 0 r was_0_old_1
was_0_old_1 1 0 r was_1_old_1
was_0_old_1 B 0 r was_B_old_1
was_0_old_1 X 0 r was_X_old_1
was_0_old_1 # 0 r was_#_old_1
was_1_old_1 _ 1 r was_u_old_1
was_1_old_1 0 1 r was_0_old_1
was_1_old_1 1 1 r was_1_old_1
was_1_old_1 B 1 r was_B_old_1
was_1_old_1 X 1 r was_X_old_1
was_1_old_1 # 1 r was_#_old_1
was_B_old_1 _ B r was_u_old_1
was_B_old_1 0 B r was_0_old_1
was_B_old_1 1 B r was_1_old_1
was_B_old_1 B B r was_B_old_1
was_B_old_1 X B r was_X_old_1
was_B_old_1 # B r was_#_old_1
was_X_old_1 _ X r was_u_old_1
was_X_old_1 0 X r was_0_old_1
was_X_old_1 1 X r was_1_old_1
was_X_old_1 B X r was_B_old_1
was_X_old_1 X X r was_X_old_1
was_X_old_1 # X r was_#_old_1
was_#_old_1 _ # l go_back_old_1
go_back_old_1 & & r old_1
go_back_old_1 * * l go_back_old_1
old_2 & & r add_u_old_2
add_u_old_2 _ _ r was_u_old_2
add_u_old_2 0 _ r was_0_old_2
add_u_old_2 1 _ r was_1_old_2
add_u_old_2 B _ r was_B_old_2
add_u_old_2 X _ r was_X_old_2
was_u_old_2 _ _ r was_u_old_2
was_u_old_2 0 _ r was_0_old_2
was_u_old_2 1 _ r was_1_old_2
was_u_old_2 B _ r was_B_old_2
was_u_old_2 X _ r was_X_old_2
was_u_old_2 # _ r was_#_old_2
was_0_old_2 _ 0 r was_u_old_2
was_0_old_2 0 0 r was_0_old_2
was_0_old_2 1 0 r was_1_old_2
was_0_old_2 B 0 r was_B_old_2
was_0_old_2 X 0 r was_X_old_2
was_0_old_2 # 0 r was_#_old_2
was_1_old_2 _ 1 r was_u_old_2
was_1_old_2 0 1 r was_0_old_2
was_1_old_2 1 1 r was_1_old_2
was_1_old_2 B 1 r was_B_old_2
was_1_old_2 X 1 r was_X_old_2
was_1_old_2 # 1 r was_#_old_2
was_B_old_2 _ B r was_u_old_2
was_B_old_2 0 B r was_0_old_2
was_B_old_2 1 B r was_1_old_2
was_B_old_2 B B r was_B_old_2
was_B_old_2 X B r was_X_old_2
was_B_old_2 # B r was_#_old_2
was_X_old_2 _ X r was_u_old_2
was_X_old_2 0 X r was_0_old_2
was_X_old_2 1 X r was_1_old_2
was_X_old_2 B X r was_B_old_2
was_X_old_2 X X r was_X_old_2
was_X_old_2 # X r was_#_old_2
was_#_old_2 _ # l go_back_old_2
go_back_old_2 & & r old_2
go_back_old_2 * * l go_back_old_2
old_3 & & r add_u_old_3
add_u_old_3 _ _ r was_u_old_3
add_u_old_3 0 _ r was_0_old_3
add_u_old_3 1 _ r was_1_old_3
add_u_old_3 B _ r was_B_old_3
add_u_old_3 X _ r was_X_old_3
was_u_old_3 _ _ r was_u_old_3
was_u_old_3 0 _ r was_0_old_3
was_u_old_3 1 _ r was_1_old_3
was_u_old_3 B _ r was_B_old_3
was_u_old_3 X _ r was_X_old_3
was_u_old_3 # _ r was_#_old_3
was_0_old_3 _ 0 r was_u_old_3
was_0_old_3 0 0 r was_0_old_3
was_0_old_3 1 0 r was_1_old_3
was_0_old_3 B 0 r was_B_old_3
was_0_old_3 X 0 r was_X_old_3
was_0_old_3 # 0 r was_#_old_3
was_1_old_3 _ 1 r was_u_old_3
was_1_old_3 0 1 r was_0_old_3
was_1_old_3 1 1 r was_1_old_3
was_1_old_3 B 1 r was_B_old_3
was_1_old_3 X 1 r was_X_old_3
was_1_old_3 # 1 r was_#_old_3
was_B_old_3 _ B r was_u_old_3
was_B_old_3 0 B r was_0_old_3
was_B_old_3 1 B r was_1_old_3
was_B_old_3 B B r was_B_old_3
was_B_old_3 X B r was_X_old_3
was_B_old_3 # B r was_#_old_3
was_X_old_3 _ X r was_u_old_3
was_X_old_3 0 X r was_0_old_3
was_X_old_3 1 X r was_1_old_3
was_X_old_3 B X r was_B_old_3
was_X_old_3 X X r was_X_old_3
was_X_old_3 # X r was_#_old_3
was_#_old_3 _ # l go_back_old_3
go_back_old_3 & & r old_3
go_back_old_3 * * l go_back_old_3
old_4 & & r add_u_old_4
add_u_old_4 _ _ r was_u_old_4
add_u_old_4 0 _ r was_0_old_4
add_u_old_4 1 _ r was_1_old_4
add_u_old_4 B _ r was_B_old_4
add_u_old_4 X _ r was_X_old_4
was_u_old_4 _ _ r was_u_old_4
was_u_old_4 0 _ r was_0_old_4
was_u_old_4 1 _ r was_1_old_4
was_u_old_4 B _ r was_B_old_4
was_u_old_4 X _ r was_X_old_4
was_u_old_4 # _ r was_#_old_4
was_0_old_4 _ 0 r was_u_old_4
was_0_old_4 0 0 r was_0_old_4
was_0_old_4 1 0 r was_1_old_4
was_0_old_4 B 0 r was_B_old_4
was_0_old_4 X 0 r was_X_old_4
was_0_old_4 # 0 r was_#_old_4
was_1_old_4 _ 1 r was_u_old_4
was_1_old_4 0 1 r was_0_old_4
was_1_old_4 1 1 r was_1_old_4
was_1_old_4 B 1 r was_B_old_4
was_1_old_4 X 1 r was_X_old_4
was_1_old_4 # 1 r was_#_old_4
was_B_old_4 _ B r was_u_old_4
was_B_old_4 0 B r was_0_old_4
was_B_old_4 1 B r was_1_old_4
was_B_old_4 B B r was_B_old_4
was_B_old_4 X B r was_X_old_4
was_B_old_4 # B r was_#_old_4
was_X_old_4 _ X r was_u_old_4
was_X_old_4 0 X r was_0_old_4
was_X_old_4 1 X r was_1_old_4
was_X_old_4 B X r was_B_old_4
was_X_old_4 X X r was_X_old_4
was_X_old_4 # X r was_#_old_4
was_#_old_4 _ # l go_back_old_4
go_back_old_4 & & r old_4
go_back_old_4 * * l go_back_old_4
old_5 & & r add_u_old_5
add_u_old_5 _ _ r was_u_old_5
add_u_old_5 0 _ r was_0_old_5
add_u_old_5 1 _ r was_1_old_5
add_u_old_5 B _ r was_B_old_5
add_u_old_5 X _ r was_X_old_5
was_u_old_5 _ _ r was_u_old_5
was_u_old_5 0 _ r was_0_old_5
was_u_old_5 1 _ r was_1_old_5
was_u_old_5 B _ r was_B_old_5
was_u_old_5 X _ r was_X_old_5
was_u_old_5 # _ r was_#_old_5
was_0_old_5 _ 0 r was_u_old_5
was_0_old_5 0 0 r was_0_old_5
was_0_old_5 1 0 r was_1_old_5
was_0_old_5 B 0 r was_B_old_5
was_0_old_5 X 0 r was_X_old_5
was_0_old_5 # 0 r was_#_old_5
was_1_old_5 _ 1 r was_u_old_5
was_1_old_5 0 1 r was_0_old_5
was_1_old_5 1 1 r was_1_old_5
was_1_old_5 B 1 r was_B_old_5
was_1_old_5 X 1 r was_X_old_5
was_1_old_5 # 1 r was_#_old_5
was_B_old_5 _ B r was_u_old_5
was_B_old_5 0 B r was_0_old_5
was_B_old_5 1 B r was_1_old_5
was_B_old_5 B B r was_B_old_5
was_B_old_5 X B r was_X_old_5
was_B_old_5 # B r was_#_old_5
was_X_old_5 _ X r was_u_old_5
was_X_old_5 0 X r was_0_old_5
was_X_old_5 1 X r was_1_old_5
was_X_old_5 B X r was_B_old_5
was_X_old_5 X X r was_X_old_5
was_X_old_5 # X r was_#_old_5
was_#_old_5 _ # l go_back_old_5
go_back_old_5 & & r old_5
go_back_old_5 * * l go_back_old_5
old_6 & & r add_u_old_6
add_u_old_6 _ _ r was_u_old_6
add_u_old_6 0 _ r was_0_old_6
add_u_old_6 1 _ r was_1_old_6
add_u_old_6 B _ r was_B_old_6
add_u_old_6 X _ r was_X_old_6
was_u_old_6 _ _ r was_u_old_6
was_u_old_6 0 _ r was_0_old_6
was_u_old_6 1 _ r was_1_old_6
was_u_old_6 B _ r was_B_old_6
was_u_old_6 X _ r was_X_old_6
was_u_old_6 # _ r was_#_old_6
was_0_old_6 _ 0 r was_u_old_6
was_0_old_6 0 0 r was_0_old_6
was_0_old_6 1 0 r was_1_old_6
was_0_old_6 B 0 r was_B_old_6
was_0_old_6 X 0 r was_X_old_6
was_0_old_6 # 0 r was_#_old_6
was_1_old_6 _ 1 r was_u_old_6
was_1_old_6 0 1 r was_0_old_6
was_1_old_6 1 1 r was_1_old_6
was_1_old_6 B 1 r was_B_old_6
was_1_old_6 X 1 r was_X_old_6
was_1_old_6 # 1 r was_#_old_6
was_B_old_6 _ B r was_u_old_6
was_B_old_6 0 B r was_0_old_6
was_B_old_6 1 B r was_1_old_6
was_B_old_6 B B r was_B_old_6
was_B_old_6 X B r was_X_old_6
was_B_old_6 # B r was_#_old_6
was_X_old_6 _ X r was_u_old_6
was_X_old_6 0 X r was_0_old_6
was_X_old_6 1 X r was_1_old_6
was_X_old_6 B X r was_B_old_6
was_X_old_6 X X r was_X_old_6
was_X_old_6 # X r was_#_old_6
was_#_old_6 _ # l go_back_old_6
go_back_old_6 & & r old_6
go_back_old_6 * * l go_back_old_6
old_7 & & r add_u_old_7
add_u_old_7 _ _ r was_u_old_7
add_u_old_7 0 _ r was_0_old_7
add_u_old_7 1 _ r was_1_old_7
add_u_old_7 B _ r was_B_old_7
add_u_old_7 X _ r was_X_old_7
was_u_old_7 _ _ r was_u_old_7
was_u_old_7 0 _ r was_0_old_7
was_u_old_7 1 _ r was_1_old_7
was_u_old_7 B _ r was_B_old_7
was_u_old_7 X _ r was_X_old_7
was_u_old_7 # _ r was_#_old_7
was_0_old_7 _ 0 r was_u_old_7
was_0_old_7 0 0 r was_0_old_7
was_0_old_7 1 0 r was_1_old_7
was_0_old_7 B 0 r was_B_old_7
was_0_old_7 X 0 r was_X_old_7
was_0_old_7 # 0 r was_#_old_7
was_1_old_7 _ 1 r was_u_old_7
was_1_old_7 0 1 r was_0_old_7
was_1_old_7 1 1 r was_1_old_7
was_1_old_7 B 1 r was_B_old_7
was_1_old_7 X 1 r was_X_old_7
was_1_old_7 # 1 r was_#_old_7
was_B_old_7 _ B r was_u_old_7
was_B_old_7 0 B r was_0_old_7
was_B_old_7 1 B r was_1_old_7
was_B_old_7 B B r was_B_old_7
was_B_old_7 X B r was_X_old_7
was_B_old_7 # B r was_#_old_7
was_X_old_7 _ X r was_u_old_7
was_X_old_7 0 X r was_0_old_7
was_X_old_7 1 X r was_1_old_7
was_X_old_7 B X r was_B_old_7
was_X_old_7 X X r was_X_old_7
was_X_old_7 # X r was_#_old_7
was_#_old_7 _ # l go_back_old_7
go_back_old_7 & & r old_7
go_back_old_7 * * l go_back_old_7
old_8 & & r add_u_old_8
add_u_old_8 _ _ r was_u_old_8
add_u_old_8 0 _ r was_0_old_8
add_u_old_8 1 _ r was_1_old_8
add_u_old_8 B _ r was_B_old_8
add_u_old_8 X _ r was_X_old_8
was_u_old_8 _ _ r was_u_old_8
was_u_old_8 0 _ r was_0_old_8
was_u_old_8 1 _ r was_1_old_8
was_u_old_8 B _ r was_B_old_8
was_u_old_8 X _ r was_X_old_8
was_u_old_8 # _ r was_#_old_8
was_0_old_8 _ 0 r was_u_old_8
was_0_old_8 0 0 r was_0_old_8
was_0_old_8 1 0 r was_1_old_8
was_0_old_8 B 0 r was_B_old_8
was_0_old_8 X 0 r was_X_old_8
was_0_old_8 # 0 r was_#_old_8
was_1_old_8 _ 1 r was_u_old_8
was_1_old_8 0 1 r was_0_old_8
was_1_old_8 1 1 r was_1_old_8
was_1_old_8 B 1 r was_B_old_8
was_1_old_8 X 1 r was_X_old_8
was_1_old_8 # 1 r was_#_old_8
was_B_old_8 _ B r was_u_old_8
was_B_old_8 0 B r was_0_old_8
was_B_old_8 1 B r was_1_old_8
was_B_old_8 B B r was_B_old_8
was_B_old_8 X B r was_X_old_8
was_B_old_8 # B r was_#_old_8
was_X_old_8 _ X r was_u_old_8
was_X_old_8 0 X r was_0_old_8
was_X_old_8 1 X r was_1_old_8
was_X_old_8 B X r was_B_old_8
was_X_old_8 X X r was_X_old_8
was_X_old_8 # X r was_#_old_8
was_#_old_8 _ # l go_back_old_8
go_back_old_8 & & r old_8
go_back_old_8 * * l go_back_old_8
old_9 & & r add_u_old_9
add_u_old_9 _ _ r was_u_old_9
add_u_old_9 0 _ r was_0_old_9
add_u_old_9 1 _ r was_1_old_9
add_u_old_9 B _ r was_B_old_9
add_u_old_9 X _ r was_X_old_9
was_u_old_9 _ _ r was_u_old_9
was_u_old_9 0 _ r was_0_old_9
was_u_old_9 1 _ r was_1_old_9
was_u_old_9 B _ r was_B_old_9
was_u_old_9 X _ r was_X_old_9
was_u_old_9 # _ r was_#_old_9
was_0_old_9 _ 0 r was_u_old_9
was_0_old_9 0 0 r was_0_old_9
was_0_old_9 1 0 r was_1_old_9
was_0_old_9 B 0 r was_B_old_9
was_0_old_9 X 0 r was_X_old_9
was_0_old_9 # 0 r was_#_old_9
was_1_old_9 _ 1 r was_u_old_9
was_1_old_9 0 1 r was_0_old_9
was_1_old_9 1 1 r was_1_old_9
was_1_old_9 B 1 r was_B_old_9
was_1_old_9 X 1 r was_X_old_9
was_1_old_9 # 1 r was_#_old_9
was_B_old_9 _ B r was_u_old_9
was_B_old_9 0 B r was_0_old_9
was_B_old_9 1 B r was_1_old_9
was_B_old_9 B B r was_B_old_9
was_B_old_9 X B r was_X_old_9
was_B_old_9 # B r was_#_old_9
was_X_old_9 _ X r was_u_old_9
was_X_old_9 0 X r was_0_old_9
was_X_old_9 1 X r was_1_old_9
was_X_old_9 B X r was_B_old_9
was_X_old_9 X X r was_X_old_9
was_X_old_9 # X r was_#_old_9
was_#_old_9 _ # l go_back_old_9
go_back_old_9 & & r old_9
go_back_old_9 * * l go_back_old_9
old_10 & & r add_u_old_10
add_u_old_10 _ _ r was_u_old_10
add_u_old_10 0 _ r was_0_old_10
add_u_old_10 1 _ r was_1_old_10
add_u_old_10 B _ r was_B_old_10
add_u_old_10 X _ r was_X_old_10
was_u_old_10 _ _ r was_u_old_10
was_u_old_10 0 _ r was_0_old_10
was_u_old_10 1 _ r was_1_old_10
was_u_old_10 B _ r was_B_old_10
was_u_old_10 X _ r was_X_old_10
was_u_old_10 # _ r was_#_old_10
was_0_old_10 _ 0 r was_u_old_10
was_0_old_10 0 0 r was_0_old_10
was_0_old_10 1 0 r was_1_old_10
was_0_old_10 B 0 r was_B_old_10
was_0_old_10 X 0 r was_X_old_10
was_0_old_10 # 0 r was_#_old_10
was_1_old_10 _ 1 r was_u_old_10
was_1_old_10 0 1 r was_0_old_10
was_1_old_10 1 1 r was_1_old_10
was_1_old_10 B 1 r was_B_old_10
was_1_old_10 X 1 r was_X_old_10
was_1_old_10 # 1 r was_#_old_10
was_B_old_10 _ B r was_u_old_10
was_B_old_10 0 B r was_0_old_10
was_B_old_10 1 B r was_1_old_10
was_B_old_10 B B r was_B_old_10
was_B_old_10 X B r was_X_old_10
was_B_old_10 # B r was_#_old_10
was_X_old_10 _ X r was_u_old_10
was_X_old_10 0 X r was_0_old_10
was_X_old_10 1 X r was_1_old_10
was_X_old_10 B X r was_B_old_10
was_X_old_10 X X r was_X_old_10
was_X_old_10 # X r was_#_old_10
was_#_old_10 _ # l go_back_old_10
go_back_old_10 & & r old_10
go_back_old_10 * * l go_back_old_10
old_0 # _ r was_old_0
was_old_0 _ # l old_0
old_1 # _ r was_old_1
was_old_1 _ # l old_1
old_2 # _ r was_old_2
was_old_2 _ # l old_2
old_3 # _ r was_old_3
was_old_3 _ # l old_3
old_4 # _ r was_old_4
was_old_4 _ # l old_4
old_5 # _ r was_old_5
was_old_5 _ # l old_5
old_6 # _ r was_old_6
was_old_6 _ # l old_6
old_7 # _ r was_old_7
was_old_7 _ # l old_7
old_8 # _ r was_old_8
was_old_8 _ # l old_8
old_9 # _ r was_old_9
was_old_9 _ # l old_9
old_10 # _ r was_old_10
was_old_10 _ # l old_10
